<?xml version="1.0" encoding="UTF-8"?>
<testsuite name="com.abc.vehiclerental.GuestFeedbackServiceTest" tests="2" skipped="0" failures="0" errors="0" timestamp="2022-01-12T07:30:20" hostname="DIN07006717" time="0.008">
  <properties/>
  <testcase name="testaddQuery()" classname="com.abc.vehiclerental.GuestFeedbackServiceTest" time="0.004"/>
  <testcase name="testUpdateFeedback()" classname="com.abc.vehiclerental.GuestFeedbackServiceTest" time="0.003"/>
  <system-out><![CDATA[2022-01-12 13:00:20.417  INFO 1492 --- [    Test worker] .b.t.c.SpringBootTestContextBootstrapper : Neither @ContextConfiguration nor @ContextHierarchy found for test class [com.abc.vehiclerental.GuestFeedbackServiceTest], using SpringBootContextLoader
2022-01-12 13:00:20.418  INFO 1492 --- [    Test worker] o.s.t.c.support.AbstractContextLoader    : Could not detect default resource locations for test class [com.abc.vehiclerental.GuestFeedbackServiceTest]: no resource found for suffixes {-context.xml, Context.groovy}.
2022-01-12 13:00:20.418  INFO 1492 --- [    Test worker] t.c.s.AnnotationConfigContextLoaderUtils : Could not detect default configuration classes for test class [com.abc.vehiclerental.GuestFeedbackServiceTest]: GuestFeedbackServiceTest does not declare any static, non-private, non-final, nested classes annotated with @Configuration.
2022-01-12 13:00:20.420  INFO 1492 --- [    Test worker] .b.t.c.SpringBootTestContextBootstrapper : Found @SpringBootConfiguration com.abc.vehiclerental.VehiclerentalApplication for test class com.abc.vehiclerental.GuestFeedbackServiceTest
2022-01-12 13:00:20.422  INFO 1492 --- [    Test worker] .b.t.c.SpringBootTestContextBootstrapper : Loaded default TestExecutionListener class names from location [META-INF/spring.factories]: [org.springframework.boot.test.autoconfigure.restdocs.RestDocsTestExecutionListener, org.springframework.boot.test.autoconfigure.web.client.MockRestServiceServerResetTestExecutionListener, org.springframework.boot.test.autoconfigure.web.servlet.MockMvcPrintOnlyOnFailureTestExecutionListener, org.springframework.boot.test.autoconfigure.web.servlet.WebDriverTestExecutionListener, org.springframework.boot.test.autoconfigure.webservices.client.MockWebServiceServerTestExecutionListener, org.springframework.boot.test.mock.mockito.MockitoTestExecutionListener, org.springframework.boot.test.mock.mockito.ResetMocksTestExecutionListener, org.springframework.test.context.web.ServletTestExecutionListener, org.springframework.test.context.support.DirtiesContextBeforeModesTestExecutionListener, org.springframework.test.context.event.ApplicationEventsTestExecutionListener, org.springframework.test.context.support.DependencyInjectionTestExecutionListener, org.springframework.test.context.support.DirtiesContextTestExecutionListener, org.springframework.test.context.transaction.TransactionalTestExecutionListener, org.springframework.test.context.jdbc.SqlScriptsTestExecutionListener, org.springframework.test.context.event.EventPublishingTestExecutionListener]
2022-01-12 13:00:20.423  INFO 1492 --- [    Test worker] .b.t.c.SpringBootTestContextBootstrapper : Using TestExecutionListeners: [org.springframework.test.context.web.ServletTestExecutionListener@27f8f1cc, org.springframework.test.context.support.DirtiesContextBeforeModesTestExecutionListener@473c491, org.springframework.test.context.event.ApplicationEventsTestExecutionListener@3ede428e, org.springframework.boot.test.mock.mockito.MockitoTestExecutionListener@70a8654, org.springframework.boot.test.autoconfigure.SpringBootDependencyInjectionTestExecutionListener@671c71e8, org.springframework.test.context.support.DirtiesContextTestExecutionListener@7d5176d6, org.springframework.test.context.transaction.TransactionalTestExecutionListener@31d791c0, org.springframework.test.context.jdbc.SqlScriptsTestExecutionListener@623c9988, org.springframework.test.context.event.EventPublishingTestExecutionListener@66ab3716, org.springframework.boot.test.autoconfigure.restdocs.RestDocsTestExecutionListener@103a1ad3, org.springframework.boot.test.autoconfigure.web.client.MockRestServiceServerResetTestExecutionListener@1d6ed085, org.springframework.boot.test.autoconfigure.web.servlet.MockMvcPrintOnlyOnFailureTestExecutionListener@1b18fa79, org.springframework.boot.test.autoconfigure.web.servlet.WebDriverTestExecutionListener@24347d8b, org.springframework.boot.test.autoconfigure.webservices.client.MockWebServiceServerTestExecutionListener@6418075c, org.springframework.boot.test.mock.mockito.ResetMocksTestExecutionListener@f9919a2]
]]></system-out>
  <system-err><![CDATA[]]></system-err>
</testsuite>
