<?xml version="1.0" encoding="UTF-8"?>
<testsuite name="com.abc.vehiclerental.UserServiceTest" tests="6" skipped="0" failures="0" errors="0" timestamp="2022-01-19T08:02:02" hostname="DIN07006717" time="0.036">
  <properties/>
  <testcase name="testLogin()" classname="com.abc.vehiclerental.UserServiceTest" time="0.004"/>
  <testcase name="testGetUserByIdThrowingException()" classname="com.abc.vehiclerental.UserServiceTest" time="0.005"/>
  <testcase name="testGetUser()" classname="com.abc.vehiclerental.UserServiceTest" time="0.004"/>
  <testcase name="testLogoutThrowingException()" classname="com.abc.vehiclerental.UserServiceTest" time="0.004"/>
  <testcase name="testLogout()" classname="com.abc.vehiclerental.UserServiceTest" time="0.006"/>
  <testcase name="testLoginThrowingException()" classname="com.abc.vehiclerental.UserServiceTest" time="0.004"/>
  <system-out><![CDATA[2022-01-19 13:32:02.255  INFO 11536 --- [    Test worker] .b.t.c.SpringBootTestContextBootstrapper : Neither @ContextConfiguration nor @ContextHierarchy found for test class [com.abc.vehiclerental.UserServiceTest], using SpringBootContextLoader
2022-01-19 13:32:02.256  INFO 11536 --- [    Test worker] o.s.t.c.support.AbstractContextLoader    : Could not detect default resource locations for test class [com.abc.vehiclerental.UserServiceTest]: no resource found for suffixes {-context.xml, Context.groovy}.
2022-01-19 13:32:02.257  INFO 11536 --- [    Test worker] t.c.s.AnnotationConfigContextLoaderUtils : Could not detect default configuration classes for test class [com.abc.vehiclerental.UserServiceTest]: UserServiceTest does not declare any static, non-private, non-final, nested classes annotated with @Configuration.
2022-01-19 13:32:02.258  INFO 11536 --- [    Test worker] .b.t.c.SpringBootTestContextBootstrapper : Found @SpringBootConfiguration com.abc.vehiclerental.VehiclerentalApplication for test class com.abc.vehiclerental.UserServiceTest
2022-01-19 13:32:02.261  INFO 11536 --- [    Test worker] .b.t.c.SpringBootTestContextBootstrapper : Loaded default TestExecutionListener class names from location [META-INF/spring.factories]: [org.springframework.boot.test.autoconfigure.restdocs.RestDocsTestExecutionListener, org.springframework.boot.test.autoconfigure.web.client.MockRestServiceServerResetTestExecutionListener, org.springframework.boot.test.autoconfigure.web.servlet.MockMvcPrintOnlyOnFailureTestExecutionListener, org.springframework.boot.test.autoconfigure.web.servlet.WebDriverTestExecutionListener, org.springframework.boot.test.autoconfigure.webservices.client.MockWebServiceServerTestExecutionListener, org.springframework.boot.test.mock.mockito.MockitoTestExecutionListener, org.springframework.boot.test.mock.mockito.ResetMocksTestExecutionListener, org.springframework.test.context.web.ServletTestExecutionListener, org.springframework.test.context.support.DirtiesContextBeforeModesTestExecutionListener, org.springframework.test.context.event.ApplicationEventsTestExecutionListener, org.springframework.test.context.support.DependencyInjectionTestExecutionListener, org.springframework.test.context.support.DirtiesContextTestExecutionListener, org.springframework.test.context.transaction.TransactionalTestExecutionListener, org.springframework.test.context.jdbc.SqlScriptsTestExecutionListener, org.springframework.test.context.event.EventPublishingTestExecutionListener]
2022-01-19 13:32:02.263  INFO 11536 --- [    Test worker] .b.t.c.SpringBootTestContextBootstrapper : Using TestExecutionListeners: [org.springframework.test.context.web.ServletTestExecutionListener@4d86f330, org.springframework.test.context.support.DirtiesContextBeforeModesTestExecutionListener@1e8b0ab5, org.springframework.test.context.event.ApplicationEventsTestExecutionListener@7ef34eb3, org.springframework.boot.test.mock.mockito.MockitoTestExecutionListener@2719139f, org.springframework.boot.test.autoconfigure.SpringBootDependencyInjectionTestExecutionListener@5dfc7b3f, org.springframework.test.context.support.DirtiesContextTestExecutionListener@1b641c97, org.springframework.test.context.transaction.TransactionalTestExecutionListener@7f065f9e, org.springframework.test.context.jdbc.SqlScriptsTestExecutionListener@106c3e0a, org.springframework.test.context.event.EventPublishingTestExecutionListener@2e778abb, org.springframework.boot.test.autoconfigure.restdocs.RestDocsTestExecutionListener@154cbb46, org.springframework.boot.test.autoconfigure.web.client.MockRestServiceServerResetTestExecutionListener@58fbecde, org.springframework.boot.test.autoconfigure.web.servlet.MockMvcPrintOnlyOnFailureTestExecutionListener@299615a5, org.springframework.boot.test.autoconfigure.web.servlet.WebDriverTestExecutionListener@3ba6707e, org.springframework.boot.test.autoconfigure.webservices.client.MockWebServiceServerTestExecutionListener@4b407ac7, org.springframework.boot.test.mock.mockito.ResetMocksTestExecutionListener@4c5ae26d]
]]></system-out>
  <system-err><![CDATA[]]></system-err>
</testsuite>
