<?xml version="1.0" encoding="UTF-8"?>
<testsuite name="com.abc.vehiclerental.VehiclerentalApplicationTests" tests="1" skipped="0" failures="0" errors="0" timestamp="2022-01-19T05:24:12" hostname="DIN07006717" time="0.003">
  <properties/>
  <testcase name="contextLoads()" classname="com.abc.vehiclerental.VehiclerentalApplicationTests" time="0.003"/>
  <system-out><![CDATA[2022-01-19 10:54:12.502  INFO 8840 --- [    Test worker] .b.t.c.SpringBootTestContextBootstrapper : Neither @ContextConfiguration nor @ContextHierarchy found for test class [com.abc.vehiclerental.VehiclerentalApplicationTests], using SpringBootContextLoader
2022-01-19 10:54:12.505  INFO 8840 --- [    Test worker] o.s.t.c.support.AbstractContextLoader    : Could not detect default resource locations for test class [com.abc.vehiclerental.VehiclerentalApplicationTests]: no resource found for suffixes {-context.xml, Context.groovy}.
2022-01-19 10:54:12.506  INFO 8840 --- [    Test worker] t.c.s.AnnotationConfigContextLoaderUtils : Could not detect default configuration classes for test class [com.abc.vehiclerental.VehiclerentalApplicationTests]: VehiclerentalApplicationTests does not declare any static, non-private, non-final, nested classes annotated with @Configuration.
2022-01-19 10:54:12.508  INFO 8840 --- [    Test worker] .b.t.c.SpringBootTestContextBootstrapper : Found @SpringBootConfiguration com.abc.vehiclerental.VehiclerentalApplication for test class com.abc.vehiclerental.VehiclerentalApplicationTests
2022-01-19 10:54:12.511  INFO 8840 --- [    Test worker] .b.t.c.SpringBootTestContextBootstrapper : Loaded default TestExecutionListener class names from location [META-INF/spring.factories]: [org.springframework.boot.test.autoconfigure.restdocs.RestDocsTestExecutionListener, org.springframework.boot.test.autoconfigure.web.client.MockRestServiceServerResetTestExecutionListener, org.springframework.boot.test.autoconfigure.web.servlet.MockMvcPrintOnlyOnFailureTestExecutionListener, org.springframework.boot.test.autoconfigure.web.servlet.WebDriverTestExecutionListener, org.springframework.boot.test.autoconfigure.webservices.client.MockWebServiceServerTestExecutionListener, org.springframework.boot.test.mock.mockito.MockitoTestExecutionListener, org.springframework.boot.test.mock.mockito.ResetMocksTestExecutionListener, org.springframework.test.context.web.ServletTestExecutionListener, org.springframework.test.context.support.DirtiesContextBeforeModesTestExecutionListener, org.springframework.test.context.event.ApplicationEventsTestExecutionListener, org.springframework.test.context.support.DependencyInjectionTestExecutionListener, org.springframework.test.context.support.DirtiesContextTestExecutionListener, org.springframework.test.context.transaction.TransactionalTestExecutionListener, org.springframework.test.context.jdbc.SqlScriptsTestExecutionListener, org.springframework.test.context.event.EventPublishingTestExecutionListener]
2022-01-19 10:54:12.511  INFO 8840 --- [    Test worker] .b.t.c.SpringBootTestContextBootstrapper : Using TestExecutionListeners: [org.springframework.test.context.web.ServletTestExecutionListener@4bbabec8, org.springframework.test.context.support.DirtiesContextBeforeModesTestExecutionListener@1043c493, org.springframework.test.context.event.ApplicationEventsTestExecutionListener@2b27d5d3, org.springframework.boot.test.mock.mockito.MockitoTestExecutionListener@12115c28, org.springframework.boot.test.autoconfigure.SpringBootDependencyInjectionTestExecutionListener@cc3fc5c, org.springframework.test.context.support.DirtiesContextTestExecutionListener@2aac60b, org.springframework.test.context.transaction.TransactionalTestExecutionListener@173602c0, org.springframework.test.context.jdbc.SqlScriptsTestExecutionListener@fdeec12, org.springframework.test.context.event.EventPublishingTestExecutionListener@1cecd0a9, org.springframework.boot.test.autoconfigure.restdocs.RestDocsTestExecutionListener@4822d7a1, org.springframework.boot.test.autoconfigure.web.client.MockRestServiceServerResetTestExecutionListener@6fa5fc67, org.springframework.boot.test.autoconfigure.web.servlet.MockMvcPrintOnlyOnFailureTestExecutionListener@17e323fd, org.springframework.boot.test.autoconfigure.web.servlet.WebDriverTestExecutionListener@6df0d030, org.springframework.boot.test.autoconfigure.webservices.client.MockWebServiceServerTestExecutionListener@33319df0, org.springframework.boot.test.mock.mockito.ResetMocksTestExecutionListener@73b71935]
]]></system-out>
  <system-err><![CDATA[]]></system-err>
</testsuite>
