<?xml version="1.0" encoding="UTF-8"?>
<testsuite name="com.abc.vehiclerental.GuestFeedbackServiceTest" tests="2" skipped="0" failures="0" errors="0" timestamp="2022-01-19T05:24:12" hostname="DIN07006717" time="0.011">
  <properties/>
  <testcase name="testaddQuery()" classname="com.abc.vehiclerental.GuestFeedbackServiceTest" time="0.005"/>
  <testcase name="testUpdateFeedback()" classname="com.abc.vehiclerental.GuestFeedbackServiceTest" time="0.004"/>
  <system-out><![CDATA[2022-01-19 10:54:12.362  INFO 8840 --- [    Test worker] .b.t.c.SpringBootTestContextBootstrapper : Neither @ContextConfiguration nor @ContextHierarchy found for test class [com.abc.vehiclerental.GuestFeedbackServiceTest], using SpringBootContextLoader
2022-01-19 10:54:12.364  INFO 8840 --- [    Test worker] o.s.t.c.support.AbstractContextLoader    : Could not detect default resource locations for test class [com.abc.vehiclerental.GuestFeedbackServiceTest]: no resource found for suffixes {-context.xml, Context.groovy}.
2022-01-19 10:54:12.364  INFO 8840 --- [    Test worker] t.c.s.AnnotationConfigContextLoaderUtils : Could not detect default configuration classes for test class [com.abc.vehiclerental.GuestFeedbackServiceTest]: GuestFeedbackServiceTest does not declare any static, non-private, non-final, nested classes annotated with @Configuration.
2022-01-19 10:54:12.365  INFO 8840 --- [    Test worker] .b.t.c.SpringBootTestContextBootstrapper : Found @SpringBootConfiguration com.abc.vehiclerental.VehiclerentalApplication for test class com.abc.vehiclerental.GuestFeedbackServiceTest
2022-01-19 10:54:12.367  INFO 8840 --- [    Test worker] .b.t.c.SpringBootTestContextBootstrapper : Loaded default TestExecutionListener class names from location [META-INF/spring.factories]: [org.springframework.boot.test.autoconfigure.restdocs.RestDocsTestExecutionListener, org.springframework.boot.test.autoconfigure.web.client.MockRestServiceServerResetTestExecutionListener, org.springframework.boot.test.autoconfigure.web.servlet.MockMvcPrintOnlyOnFailureTestExecutionListener, org.springframework.boot.test.autoconfigure.web.servlet.WebDriverTestExecutionListener, org.springframework.boot.test.autoconfigure.webservices.client.MockWebServiceServerTestExecutionListener, org.springframework.boot.test.mock.mockito.MockitoTestExecutionListener, org.springframework.boot.test.mock.mockito.ResetMocksTestExecutionListener, org.springframework.test.context.web.ServletTestExecutionListener, org.springframework.test.context.support.DirtiesContextBeforeModesTestExecutionListener, org.springframework.test.context.event.ApplicationEventsTestExecutionListener, org.springframework.test.context.support.DependencyInjectionTestExecutionListener, org.springframework.test.context.support.DirtiesContextTestExecutionListener, org.springframework.test.context.transaction.TransactionalTestExecutionListener, org.springframework.test.context.jdbc.SqlScriptsTestExecutionListener, org.springframework.test.context.event.EventPublishingTestExecutionListener]
2022-01-19 10:54:12.367  INFO 8840 --- [    Test worker] .b.t.c.SpringBootTestContextBootstrapper : Using TestExecutionListeners: [org.springframework.test.context.web.ServletTestExecutionListener@530ee11a, org.springframework.test.context.support.DirtiesContextBeforeModesTestExecutionListener@54d116d5, org.springframework.test.context.event.ApplicationEventsTestExecutionListener@7057d9f4, org.springframework.boot.test.mock.mockito.MockitoTestExecutionListener@37c49a55, org.springframework.boot.test.autoconfigure.SpringBootDependencyInjectionTestExecutionListener@13e6ab86, org.springframework.test.context.support.DirtiesContextTestExecutionListener@4f5d7091, org.springframework.test.context.transaction.TransactionalTestExecutionListener@18b88f7, org.springframework.test.context.jdbc.SqlScriptsTestExecutionListener@128ebca1, org.springframework.test.context.event.EventPublishingTestExecutionListener@34128fed, org.springframework.boot.test.autoconfigure.restdocs.RestDocsTestExecutionListener@10efb806, org.springframework.boot.test.autoconfigure.web.client.MockRestServiceServerResetTestExecutionListener@4dfe56dc, org.springframework.boot.test.autoconfigure.web.servlet.MockMvcPrintOnlyOnFailureTestExecutionListener@2a728076, org.springframework.boot.test.autoconfigure.web.servlet.WebDriverTestExecutionListener@a3f1f32, org.springframework.boot.test.autoconfigure.webservices.client.MockWebServiceServerTestExecutionListener@67fda9fb, org.springframework.boot.test.mock.mockito.ResetMocksTestExecutionListener@580a5b6e]
]]></system-out>
  <system-err><![CDATA[]]></system-err>
</testsuite>
