<?xml version="1.0" encoding="UTF-8"?>
<testsuite name="com.abc.vehiclerental.VehiclerentalApplicationTests" tests="1" skipped="0" failures="0" errors="0" timestamp="2022-01-19T08:02:02" hostname="DIN07006717" time="0.003">
  <properties/>
  <testcase name="contextLoads()" classname="com.abc.vehiclerental.VehiclerentalApplicationTests" time="0.003"/>
  <system-out><![CDATA[2022-01-19 13:32:02.337  INFO 11536 --- [    Test worker] .b.t.c.SpringBootTestContextBootstrapper : Neither @ContextConfiguration nor @ContextHierarchy found for test class [com.abc.vehiclerental.VehiclerentalApplicationTests], using SpringBootContextLoader
2022-01-19 13:32:02.338  INFO 11536 --- [    Test worker] o.s.t.c.support.AbstractContextLoader    : Could not detect default resource locations for test class [com.abc.vehiclerental.VehiclerentalApplicationTests]: no resource found for suffixes {-context.xml, Context.groovy}.
2022-01-19 13:32:02.338  INFO 11536 --- [    Test worker] t.c.s.AnnotationConfigContextLoaderUtils : Could not detect default configuration classes for test class [com.abc.vehiclerental.VehiclerentalApplicationTests]: VehiclerentalApplicationTests does not declare any static, non-private, non-final, nested classes annotated with @Configuration.
2022-01-19 13:32:02.339  INFO 11536 --- [    Test worker] .b.t.c.SpringBootTestContextBootstrapper : Found @SpringBootConfiguration com.abc.vehiclerental.VehiclerentalApplication for test class com.abc.vehiclerental.VehiclerentalApplicationTests
2022-01-19 13:32:02.341  INFO 11536 --- [    Test worker] .b.t.c.SpringBootTestContextBootstrapper : Loaded default TestExecutionListener class names from location [META-INF/spring.factories]: [org.springframework.boot.test.autoconfigure.restdocs.RestDocsTestExecutionListener, org.springframework.boot.test.autoconfigure.web.client.MockRestServiceServerResetTestExecutionListener, org.springframework.boot.test.autoconfigure.web.servlet.MockMvcPrintOnlyOnFailureTestExecutionListener, org.springframework.boot.test.autoconfigure.web.servlet.WebDriverTestExecutionListener, org.springframework.boot.test.autoconfigure.webservices.client.MockWebServiceServerTestExecutionListener, org.springframework.boot.test.mock.mockito.MockitoTestExecutionListener, org.springframework.boot.test.mock.mockito.ResetMocksTestExecutionListener, org.springframework.test.context.web.ServletTestExecutionListener, org.springframework.test.context.support.DirtiesContextBeforeModesTestExecutionListener, org.springframework.test.context.event.ApplicationEventsTestExecutionListener, org.springframework.test.context.support.DependencyInjectionTestExecutionListener, org.springframework.test.context.support.DirtiesContextTestExecutionListener, org.springframework.test.context.transaction.TransactionalTestExecutionListener, org.springframework.test.context.jdbc.SqlScriptsTestExecutionListener, org.springframework.test.context.event.EventPublishingTestExecutionListener]
2022-01-19 13:32:02.341  INFO 11536 --- [    Test worker] .b.t.c.SpringBootTestContextBootstrapper : Using TestExecutionListeners: [org.springframework.test.context.web.ServletTestExecutionListener@2aac60b, org.springframework.test.context.support.DirtiesContextBeforeModesTestExecutionListener@173602c0, org.springframework.test.context.event.ApplicationEventsTestExecutionListener@fdeec12, org.springframework.boot.test.mock.mockito.MockitoTestExecutionListener@1cecd0a9, org.springframework.boot.test.autoconfigure.SpringBootDependencyInjectionTestExecutionListener@4822d7a1, org.springframework.test.context.support.DirtiesContextTestExecutionListener@6fa5fc67, org.springframework.test.context.transaction.TransactionalTestExecutionListener@17e323fd, org.springframework.test.context.jdbc.SqlScriptsTestExecutionListener@6df0d030, org.springframework.test.context.event.EventPublishingTestExecutionListener@33319df0, org.springframework.boot.test.autoconfigure.restdocs.RestDocsTestExecutionListener@73b71935, org.springframework.boot.test.autoconfigure.web.client.MockRestServiceServerResetTestExecutionListener@7d453075, org.springframework.boot.test.autoconfigure.web.servlet.MockMvcPrintOnlyOnFailureTestExecutionListener@16df0ebd, org.springframework.boot.test.autoconfigure.web.servlet.WebDriverTestExecutionListener@29becf8b, org.springframework.boot.test.autoconfigure.webservices.client.MockWebServiceServerTestExecutionListener@628b1538, org.springframework.boot.test.mock.mockito.ResetMocksTestExecutionListener@36995784]
]]></system-out>
  <system-err><![CDATA[]]></system-err>
</testsuite>
