<?xml version="1.0" encoding="UTF-8"?>
<testsuite name="com.abc.vehiclerental.VehiclerentalApplicationTests" tests="1" skipped="0" failures="0" errors="0" timestamp="2022-02-15T03:58:16" hostname="LIN80032146" time="0.004">
  <properties/>
  <testcase name="contextLoads()" classname="com.abc.vehiclerental.VehiclerentalApplicationTests" time="0.004"/>
  <system-out><![CDATA[2022-02-15 09:28:16.780  INFO 1088 --- [    Test worker] .b.t.c.SpringBootTestContextBootstrapper : Neither @ContextConfiguration nor @ContextHierarchy found for test class [com.abc.vehiclerental.VehiclerentalApplicationTests], using SpringBootContextLoader
2022-02-15 09:28:16.782  INFO 1088 --- [    Test worker] o.s.t.c.support.AbstractContextLoader    : Could not detect default resource locations for test class [com.abc.vehiclerental.VehiclerentalApplicationTests]: no resource found for suffixes {-context.xml, Context.groovy}.
2022-02-15 09:28:16.782  INFO 1088 --- [    Test worker] t.c.s.AnnotationConfigContextLoaderUtils : Could not detect default configuration classes for test class [com.abc.vehiclerental.VehiclerentalApplicationTests]: VehiclerentalApplicationTests does not declare any static, non-private, non-final, nested classes annotated with @Configuration.
2022-02-15 09:28:16.783  INFO 1088 --- [    Test worker] .b.t.c.SpringBootTestContextBootstrapper : Found @SpringBootConfiguration com.abc.vehiclerental.VehiclerentalApplication for test class com.abc.vehiclerental.VehiclerentalApplicationTests
2022-02-15 09:28:16.785  INFO 1088 --- [    Test worker] .b.t.c.SpringBootTestContextBootstrapper : Loaded default TestExecutionListener class names from location [META-INF/spring.factories]: [org.springframework.boot.test.autoconfigure.restdocs.RestDocsTestExecutionListener, org.springframework.boot.test.autoconfigure.web.client.MockRestServiceServerResetTestExecutionListener, org.springframework.boot.test.autoconfigure.web.servlet.MockMvcPrintOnlyOnFailureTestExecutionListener, org.springframework.boot.test.autoconfigure.web.servlet.WebDriverTestExecutionListener, org.springframework.boot.test.autoconfigure.webservices.client.MockWebServiceServerTestExecutionListener, org.springframework.boot.test.mock.mockito.MockitoTestExecutionListener, org.springframework.boot.test.mock.mockito.ResetMocksTestExecutionListener, org.springframework.test.context.web.ServletTestExecutionListener, org.springframework.test.context.support.DirtiesContextBeforeModesTestExecutionListener, org.springframework.test.context.event.ApplicationEventsTestExecutionListener, org.springframework.test.context.support.DependencyInjectionTestExecutionListener, org.springframework.test.context.support.DirtiesContextTestExecutionListener, org.springframework.test.context.transaction.TransactionalTestExecutionListener, org.springframework.test.context.jdbc.SqlScriptsTestExecutionListener, org.springframework.test.context.event.EventPublishingTestExecutionListener]
2022-02-15 09:28:16.786  INFO 1088 --- [    Test worker] .b.t.c.SpringBootTestContextBootstrapper : Using TestExecutionListeners: [org.springframework.test.context.web.ServletTestExecutionListener@59da4992, org.springframework.test.context.support.DirtiesContextBeforeModesTestExecutionListener@20425fab, org.springframework.test.context.event.ApplicationEventsTestExecutionListener@71c2cb26, org.springframework.boot.test.mock.mockito.MockitoTestExecutionListener@593db293, org.springframework.boot.test.autoconfigure.SpringBootDependencyInjectionTestExecutionListener@5220e6ff, org.springframework.test.context.support.DirtiesContextTestExecutionListener@602d5417, org.springframework.test.context.transaction.TransactionalTestExecutionListener@75128cf, org.springframework.test.context.jdbc.SqlScriptsTestExecutionListener@33ccab9c, org.springframework.test.context.event.EventPublishingTestExecutionListener@668ea404, org.springframework.boot.test.autoconfigure.restdocs.RestDocsTestExecutionListener@6c89c92e, org.springframework.boot.test.autoconfigure.web.client.MockRestServiceServerResetTestExecutionListener@62109320, org.springframework.boot.test.autoconfigure.web.servlet.MockMvcPrintOnlyOnFailureTestExecutionListener@34d644b5, org.springframework.boot.test.autoconfigure.web.servlet.WebDriverTestExecutionListener@276b68af, org.springframework.boot.test.autoconfigure.webservices.client.MockWebServiceServerTestExecutionListener@50915d5, org.springframework.boot.test.mock.mockito.ResetMocksTestExecutionListener@63661fc7]
]]></system-out>
  <system-err><![CDATA[]]></system-err>
</testsuite>
