<?xml version="1.0" encoding="UTF-8"?>
<testsuite name="com.abc.vehiclerental.ContactUsServiceTest" tests="6" skipped="0" failures="0" errors="0" timestamp="2022-01-12T07:30:20" hostname="DIN07006717" time="0.032">
  <properties/>
  <testcase name="testDeleteContact()" classname="com.abc.vehiclerental.ContactUsServiceTest" time="0.005"/>
  <testcase name="testUpdateContactByIdThrowingException()" classname="com.abc.vehiclerental.ContactUsServiceTest" time="0.003"/>
  <testcase name="testDeleteContactByIdThrowingException()" classname="com.abc.vehiclerental.ContactUsServiceTest" time="0.003"/>
  <testcase name="testUpdateContact()" classname="com.abc.vehiclerental.ContactUsServiceTest" time="0.004"/>
  <testcase name="testGetAllContacts()" classname="com.abc.vehiclerental.ContactUsServiceTest" time="0.005"/>
  <testcase name="testAddContact()" classname="com.abc.vehiclerental.ContactUsServiceTest" time="0.004"/>
  <system-out><![CDATA[2022-01-12 13:00:20.347  INFO 1492 --- [    Test worker] .b.t.c.SpringBootTestContextBootstrapper : Neither @ContextConfiguration nor @ContextHierarchy found for test class [com.abc.vehiclerental.ContactUsServiceTest], using SpringBootContextLoader
2022-01-12 13:00:20.348  INFO 1492 --- [    Test worker] o.s.t.c.support.AbstractContextLoader    : Could not detect default resource locations for test class [com.abc.vehiclerental.ContactUsServiceTest]: no resource found for suffixes {-context.xml, Context.groovy}.
2022-01-12 13:00:20.349  INFO 1492 --- [    Test worker] t.c.s.AnnotationConfigContextLoaderUtils : Could not detect default configuration classes for test class [com.abc.vehiclerental.ContactUsServiceTest]: ContactUsServiceTest does not declare any static, non-private, non-final, nested classes annotated with @Configuration.
2022-01-12 13:00:20.350  INFO 1492 --- [    Test worker] .b.t.c.SpringBootTestContextBootstrapper : Found @SpringBootConfiguration com.abc.vehiclerental.VehiclerentalApplication for test class com.abc.vehiclerental.ContactUsServiceTest
2022-01-12 13:00:20.352  INFO 1492 --- [    Test worker] .b.t.c.SpringBootTestContextBootstrapper : Loaded default TestExecutionListener class names from location [META-INF/spring.factories]: [org.springframework.boot.test.autoconfigure.restdocs.RestDocsTestExecutionListener, org.springframework.boot.test.autoconfigure.web.client.MockRestServiceServerResetTestExecutionListener, org.springframework.boot.test.autoconfigure.web.servlet.MockMvcPrintOnlyOnFailureTestExecutionListener, org.springframework.boot.test.autoconfigure.web.servlet.WebDriverTestExecutionListener, org.springframework.boot.test.autoconfigure.webservices.client.MockWebServiceServerTestExecutionListener, org.springframework.boot.test.mock.mockito.MockitoTestExecutionListener, org.springframework.boot.test.mock.mockito.ResetMocksTestExecutionListener, org.springframework.test.context.web.ServletTestExecutionListener, org.springframework.test.context.support.DirtiesContextBeforeModesTestExecutionListener, org.springframework.test.context.event.ApplicationEventsTestExecutionListener, org.springframework.test.context.support.DependencyInjectionTestExecutionListener, org.springframework.test.context.support.DirtiesContextTestExecutionListener, org.springframework.test.context.transaction.TransactionalTestExecutionListener, org.springframework.test.context.jdbc.SqlScriptsTestExecutionListener, org.springframework.test.context.event.EventPublishingTestExecutionListener]
2022-01-12 13:00:20.353  INFO 1492 --- [    Test worker] .b.t.c.SpringBootTestContextBootstrapper : Using TestExecutionListeners: [org.springframework.test.context.web.ServletTestExecutionListener@29682244, org.springframework.test.context.support.DirtiesContextBeforeModesTestExecutionListener@3368cf02, org.springframework.test.context.event.ApplicationEventsTestExecutionListener@2e76ade9, org.springframework.boot.test.mock.mockito.MockitoTestExecutionListener@7a3ab73a, org.springframework.boot.test.autoconfigure.SpringBootDependencyInjectionTestExecutionListener@12a8d03b, org.springframework.test.context.support.DirtiesContextTestExecutionListener@67cd1db3, org.springframework.test.context.transaction.TransactionalTestExecutionListener@7ccfed46, org.springframework.test.context.jdbc.SqlScriptsTestExecutionListener@53630682, org.springframework.test.context.event.EventPublishingTestExecutionListener@71e2ddd, org.springframework.boot.test.autoconfigure.restdocs.RestDocsTestExecutionListener@8318808, org.springframework.boot.test.autoconfigure.web.client.MockRestServiceServerResetTestExecutionListener@b97f195, org.springframework.boot.test.autoconfigure.web.servlet.MockMvcPrintOnlyOnFailureTestExecutionListener@408bb173, org.springframework.boot.test.autoconfigure.web.servlet.WebDriverTestExecutionListener@360d0c7a, org.springframework.boot.test.autoconfigure.webservices.client.MockWebServiceServerTestExecutionListener@32f8a37b, org.springframework.boot.test.mock.mockito.ResetMocksTestExecutionListener@657e7e8]
]]></system-out>
  <system-err><![CDATA[]]></system-err>
</testsuite>
