<?xml version="1.0" encoding="UTF-8"?>
<testsuite name="com.abc.vehiclerental.GuestFeedbackServiceTest" tests="2" skipped="0" failures="0" errors="0" timestamp="2022-02-15T03:58:16" hostname="LIN80032146" time="0.013">
  <properties/>
  <testcase name="testaddQuery()" classname="com.abc.vehiclerental.GuestFeedbackServiceTest" time="0.007"/>
  <testcase name="testUpdateFeedback()" classname="com.abc.vehiclerental.GuestFeedbackServiceTest" time="0.004"/>
  <system-out><![CDATA[2022-02-15 09:28:16.676  INFO 1088 --- [    Test worker] .b.t.c.SpringBootTestContextBootstrapper : Neither @ContextConfiguration nor @ContextHierarchy found for test class [com.abc.vehiclerental.GuestFeedbackServiceTest], using SpringBootContextLoader
2022-02-15 09:28:16.677  INFO 1088 --- [    Test worker] o.s.t.c.support.AbstractContextLoader    : Could not detect default resource locations for test class [com.abc.vehiclerental.GuestFeedbackServiceTest]: no resource found for suffixes {-context.xml, Context.groovy}.
2022-02-15 09:28:16.678  INFO 1088 --- [    Test worker] t.c.s.AnnotationConfigContextLoaderUtils : Could not detect default configuration classes for test class [com.abc.vehiclerental.GuestFeedbackServiceTest]: GuestFeedbackServiceTest does not declare any static, non-private, non-final, nested classes annotated with @Configuration.
2022-02-15 09:28:16.679  INFO 1088 --- [    Test worker] .b.t.c.SpringBootTestContextBootstrapper : Found @SpringBootConfiguration com.abc.vehiclerental.VehiclerentalApplication for test class com.abc.vehiclerental.GuestFeedbackServiceTest
2022-02-15 09:28:16.680  INFO 1088 --- [    Test worker] .b.t.c.SpringBootTestContextBootstrapper : Loaded default TestExecutionListener class names from location [META-INF/spring.factories]: [org.springframework.boot.test.autoconfigure.restdocs.RestDocsTestExecutionListener, org.springframework.boot.test.autoconfigure.web.client.MockRestServiceServerResetTestExecutionListener, org.springframework.boot.test.autoconfigure.web.servlet.MockMvcPrintOnlyOnFailureTestExecutionListener, org.springframework.boot.test.autoconfigure.web.servlet.WebDriverTestExecutionListener, org.springframework.boot.test.autoconfigure.webservices.client.MockWebServiceServerTestExecutionListener, org.springframework.boot.test.mock.mockito.MockitoTestExecutionListener, org.springframework.boot.test.mock.mockito.ResetMocksTestExecutionListener, org.springframework.test.context.web.ServletTestExecutionListener, org.springframework.test.context.support.DirtiesContextBeforeModesTestExecutionListener, org.springframework.test.context.event.ApplicationEventsTestExecutionListener, org.springframework.test.context.support.DependencyInjectionTestExecutionListener, org.springframework.test.context.support.DirtiesContextTestExecutionListener, org.springframework.test.context.transaction.TransactionalTestExecutionListener, org.springframework.test.context.jdbc.SqlScriptsTestExecutionListener, org.springframework.test.context.event.EventPublishingTestExecutionListener]
2022-02-15 09:28:16.681  INFO 1088 --- [    Test worker] .b.t.c.SpringBootTestContextBootstrapper : Using TestExecutionListeners: [org.springframework.test.context.web.ServletTestExecutionListener@75c095a5, org.springframework.test.context.support.DirtiesContextBeforeModesTestExecutionListener@689fe2a3, org.springframework.test.context.event.ApplicationEventsTestExecutionListener@5257123d, org.springframework.boot.test.mock.mockito.MockitoTestExecutionListener@261c5d1f, org.springframework.boot.test.autoconfigure.SpringBootDependencyInjectionTestExecutionListener@570089c4, org.springframework.test.context.support.DirtiesContextTestExecutionListener@409df37d, org.springframework.test.context.transaction.TransactionalTestExecutionListener@2ab1c7a9, org.springframework.test.context.jdbc.SqlScriptsTestExecutionListener@6e818345, org.springframework.test.context.event.EventPublishingTestExecutionListener@3d9c69f8, org.springframework.boot.test.autoconfigure.restdocs.RestDocsTestExecutionListener@1235732d, org.springframework.boot.test.autoconfigure.web.client.MockRestServiceServerResetTestExecutionListener@369d624d, org.springframework.boot.test.autoconfigure.web.servlet.MockMvcPrintOnlyOnFailureTestExecutionListener@54644470, org.springframework.boot.test.autoconfigure.web.servlet.WebDriverTestExecutionListener@a6924ad, org.springframework.boot.test.autoconfigure.webservices.client.MockWebServiceServerTestExecutionListener@33fc92d6, org.springframework.boot.test.mock.mockito.ResetMocksTestExecutionListener@6e2e11ee]
]]></system-out>
  <system-err><![CDATA[]]></system-err>
</testsuite>
