<?xml version="1.0" encoding="UTF-8"?>
<testsuite name="com.abc.vehiclerental.GuestFeedbackServiceTest" tests="2" skipped="0" failures="0" errors="0" timestamp="2022-01-19T08:02:02" hostname="DIN07006717" time="0.012">
  <properties/>
  <testcase name="testaddQuery()" classname="com.abc.vehiclerental.GuestFeedbackServiceTest" time="0.008"/>
  <testcase name="testUpdateFeedback()" classname="com.abc.vehiclerental.GuestFeedbackServiceTest" time="0.003"/>
  <system-out><![CDATA[2022-01-19 13:32:02.202  INFO 11536 --- [    Test worker] .b.t.c.SpringBootTestContextBootstrapper : Neither @ContextConfiguration nor @ContextHierarchy found for test class [com.abc.vehiclerental.GuestFeedbackServiceTest], using SpringBootContextLoader
2022-01-19 13:32:02.203  INFO 11536 --- [    Test worker] o.s.t.c.support.AbstractContextLoader    : Could not detect default resource locations for test class [com.abc.vehiclerental.GuestFeedbackServiceTest]: no resource found for suffixes {-context.xml, Context.groovy}.
2022-01-19 13:32:02.203  INFO 11536 --- [    Test worker] t.c.s.AnnotationConfigContextLoaderUtils : Could not detect default configuration classes for test class [com.abc.vehiclerental.GuestFeedbackServiceTest]: GuestFeedbackServiceTest does not declare any static, non-private, non-final, nested classes annotated with @Configuration.
2022-01-19 13:32:02.204  INFO 11536 --- [    Test worker] .b.t.c.SpringBootTestContextBootstrapper : Found @SpringBootConfiguration com.abc.vehiclerental.VehiclerentalApplication for test class com.abc.vehiclerental.GuestFeedbackServiceTest
2022-01-19 13:32:02.206  INFO 11536 --- [    Test worker] .b.t.c.SpringBootTestContextBootstrapper : Loaded default TestExecutionListener class names from location [META-INF/spring.factories]: [org.springframework.boot.test.autoconfigure.restdocs.RestDocsTestExecutionListener, org.springframework.boot.test.autoconfigure.web.client.MockRestServiceServerResetTestExecutionListener, org.springframework.boot.test.autoconfigure.web.servlet.MockMvcPrintOnlyOnFailureTestExecutionListener, org.springframework.boot.test.autoconfigure.web.servlet.WebDriverTestExecutionListener, org.springframework.boot.test.autoconfigure.webservices.client.MockWebServiceServerTestExecutionListener, org.springframework.boot.test.mock.mockito.MockitoTestExecutionListener, org.springframework.boot.test.mock.mockito.ResetMocksTestExecutionListener, org.springframework.test.context.web.ServletTestExecutionListener, org.springframework.test.context.support.DirtiesContextBeforeModesTestExecutionListener, org.springframework.test.context.event.ApplicationEventsTestExecutionListener, org.springframework.test.context.support.DependencyInjectionTestExecutionListener, org.springframework.test.context.support.DirtiesContextTestExecutionListener, org.springframework.test.context.transaction.TransactionalTestExecutionListener, org.springframework.test.context.jdbc.SqlScriptsTestExecutionListener, org.springframework.test.context.event.EventPublishingTestExecutionListener]
2022-01-19 13:32:02.206  INFO 11536 --- [    Test worker] .b.t.c.SpringBootTestContextBootstrapper : Using TestExecutionListeners: [org.springframework.test.context.web.ServletTestExecutionListener@4f5d7091, org.springframework.test.context.support.DirtiesContextBeforeModesTestExecutionListener@18b88f7, org.springframework.test.context.event.ApplicationEventsTestExecutionListener@128ebca1, org.springframework.boot.test.mock.mockito.MockitoTestExecutionListener@34128fed, org.springframework.boot.test.autoconfigure.SpringBootDependencyInjectionTestExecutionListener@10efb806, org.springframework.test.context.support.DirtiesContextTestExecutionListener@4dfe56dc, org.springframework.test.context.transaction.TransactionalTestExecutionListener@2a728076, org.springframework.test.context.jdbc.SqlScriptsTestExecutionListener@a3f1f32, org.springframework.test.context.event.EventPublishingTestExecutionListener@67fda9fb, org.springframework.boot.test.autoconfigure.restdocs.RestDocsTestExecutionListener@580a5b6e, org.springframework.boot.test.autoconfigure.web.client.MockRestServiceServerResetTestExecutionListener@66450129, org.springframework.boot.test.autoconfigure.web.servlet.MockMvcPrintOnlyOnFailureTestExecutionListener@14f1545c, org.springframework.boot.test.autoconfigure.web.servlet.WebDriverTestExecutionListener@1ec98548, org.springframework.boot.test.autoconfigure.webservices.client.MockWebServiceServerTestExecutionListener@14927cd4, org.springframework.boot.test.mock.mockito.ResetMocksTestExecutionListener@5a106b26]
]]></system-out>
  <system-err><![CDATA[]]></system-err>
</testsuite>
