<?xml version="1.0" encoding="UTF-8"?>
<testsuite name="com.abc.vehiclerental.ContactUsServiceTest" tests="6" skipped="0" failures="0" errors="0" timestamp="2022-02-15T03:58:16" hostname="LIN80032146" time="0.031">
  <properties/>
  <testcase name="testDeleteContact()" classname="com.abc.vehiclerental.ContactUsServiceTest" time="0.004"/>
  <testcase name="testUpdateContactByIdThrowingException()" classname="com.abc.vehiclerental.ContactUsServiceTest" time="0.004"/>
  <testcase name="testDeleteContactByIdThrowingException()" classname="com.abc.vehiclerental.ContactUsServiceTest" time="0.005"/>
  <testcase name="testUpdateContact()" classname="com.abc.vehiclerental.ContactUsServiceTest" time="0.004"/>
  <testcase name="testGetAllContacts()" classname="com.abc.vehiclerental.ContactUsServiceTest" time="0.004"/>
  <testcase name="testAddContact()" classname="com.abc.vehiclerental.ContactUsServiceTest" time="0.003"/>
  <system-out><![CDATA[2022-02-15 09:28:16.609  INFO 1088 --- [    Test worker] .b.t.c.SpringBootTestContextBootstrapper : Neither @ContextConfiguration nor @ContextHierarchy found for test class [com.abc.vehiclerental.ContactUsServiceTest], using SpringBootContextLoader
2022-02-15 09:28:16.610  INFO 1088 --- [    Test worker] o.s.t.c.support.AbstractContextLoader    : Could not detect default resource locations for test class [com.abc.vehiclerental.ContactUsServiceTest]: no resource found for suffixes {-context.xml, Context.groovy}.
2022-02-15 09:28:16.611  INFO 1088 --- [    Test worker] t.c.s.AnnotationConfigContextLoaderUtils : Could not detect default configuration classes for test class [com.abc.vehiclerental.ContactUsServiceTest]: ContactUsServiceTest does not declare any static, non-private, non-final, nested classes annotated with @Configuration.
2022-02-15 09:28:16.613  INFO 1088 --- [    Test worker] .b.t.c.SpringBootTestContextBootstrapper : Found @SpringBootConfiguration com.abc.vehiclerental.VehiclerentalApplication for test class com.abc.vehiclerental.ContactUsServiceTest
2022-02-15 09:28:16.615  INFO 1088 --- [    Test worker] .b.t.c.SpringBootTestContextBootstrapper : Loaded default TestExecutionListener class names from location [META-INF/spring.factories]: [org.springframework.boot.test.autoconfigure.restdocs.RestDocsTestExecutionListener, org.springframework.boot.test.autoconfigure.web.client.MockRestServiceServerResetTestExecutionListener, org.springframework.boot.test.autoconfigure.web.servlet.MockMvcPrintOnlyOnFailureTestExecutionListener, org.springframework.boot.test.autoconfigure.web.servlet.WebDriverTestExecutionListener, org.springframework.boot.test.autoconfigure.webservices.client.MockWebServiceServerTestExecutionListener, org.springframework.boot.test.mock.mockito.MockitoTestExecutionListener, org.springframework.boot.test.mock.mockito.ResetMocksTestExecutionListener, org.springframework.test.context.web.ServletTestExecutionListener, org.springframework.test.context.support.DirtiesContextBeforeModesTestExecutionListener, org.springframework.test.context.event.ApplicationEventsTestExecutionListener, org.springframework.test.context.support.DependencyInjectionTestExecutionListener, org.springframework.test.context.support.DirtiesContextTestExecutionListener, org.springframework.test.context.transaction.TransactionalTestExecutionListener, org.springframework.test.context.jdbc.SqlScriptsTestExecutionListener, org.springframework.test.context.event.EventPublishingTestExecutionListener]
2022-02-15 09:28:16.615  INFO 1088 --- [    Test worker] .b.t.c.SpringBootTestContextBootstrapper : Using TestExecutionListeners: [org.springframework.test.context.web.ServletTestExecutionListener@7a8e484b, org.springframework.test.context.support.DirtiesContextBeforeModesTestExecutionListener@643f8ebe, org.springframework.test.context.event.ApplicationEventsTestExecutionListener@65013d71, org.springframework.boot.test.mock.mockito.MockitoTestExecutionListener@30a99b85, org.springframework.boot.test.autoconfigure.SpringBootDependencyInjectionTestExecutionListener@386d41cb, org.springframework.test.context.support.DirtiesContextTestExecutionListener@20bf7206, org.springframework.test.context.transaction.TransactionalTestExecutionListener@4cb939d5, org.springframework.test.context.jdbc.SqlScriptsTestExecutionListener@30b0f674, org.springframework.test.context.event.EventPublishingTestExecutionListener@62818ab0, org.springframework.boot.test.autoconfigure.restdocs.RestDocsTestExecutionListener@39f5eba4, org.springframework.boot.test.autoconfigure.web.client.MockRestServiceServerResetTestExecutionListener@3c070ade, org.springframework.boot.test.autoconfigure.web.servlet.MockMvcPrintOnlyOnFailureTestExecutionListener@bb3487c, org.springframework.boot.test.autoconfigure.web.servlet.WebDriverTestExecutionListener@650997b0, org.springframework.boot.test.autoconfigure.webservices.client.MockWebServiceServerTestExecutionListener@7337f87e, org.springframework.boot.test.mock.mockito.ResetMocksTestExecutionListener@77e24d3c]
]]></system-out>
  <system-err><![CDATA[]]></system-err>
</testsuite>
