<?xml version="1.0" encoding="UTF-8"?>
<testsuite name="com.abc.vehiclerental.VehiclerentalApplicationTests" tests="1" skipped="0" failures="0" errors="0" timestamp="2022-01-12T07:30:20" hostname="DIN07006717" time="0.004">
  <properties/>
  <testcase name="contextLoads()" classname="com.abc.vehiclerental.VehiclerentalApplicationTests" time="0.004"/>
  <system-out><![CDATA[2022-01-12 13:00:20.545  INFO 1492 --- [    Test worker] .b.t.c.SpringBootTestContextBootstrapper : Neither @ContextConfiguration nor @ContextHierarchy found for test class [com.abc.vehiclerental.VehiclerentalApplicationTests], using SpringBootContextLoader
2022-01-12 13:00:20.546  INFO 1492 --- [    Test worker] o.s.t.c.support.AbstractContextLoader    : Could not detect default resource locations for test class [com.abc.vehiclerental.VehiclerentalApplicationTests]: no resource found for suffixes {-context.xml, Context.groovy}.
2022-01-12 13:00:20.547  INFO 1492 --- [    Test worker] t.c.s.AnnotationConfigContextLoaderUtils : Could not detect default configuration classes for test class [com.abc.vehiclerental.VehiclerentalApplicationTests]: VehiclerentalApplicationTests does not declare any static, non-private, non-final, nested classes annotated with @Configuration.
2022-01-12 13:00:20.547  INFO 1492 --- [    Test worker] .b.t.c.SpringBootTestContextBootstrapper : Found @SpringBootConfiguration com.abc.vehiclerental.VehiclerentalApplication for test class com.abc.vehiclerental.VehiclerentalApplicationTests
2022-01-12 13:00:20.549  INFO 1492 --- [    Test worker] .b.t.c.SpringBootTestContextBootstrapper : Loaded default TestExecutionListener class names from location [META-INF/spring.factories]: [org.springframework.boot.test.autoconfigure.restdocs.RestDocsTestExecutionListener, org.springframework.boot.test.autoconfigure.web.client.MockRestServiceServerResetTestExecutionListener, org.springframework.boot.test.autoconfigure.web.servlet.MockMvcPrintOnlyOnFailureTestExecutionListener, org.springframework.boot.test.autoconfigure.web.servlet.WebDriverTestExecutionListener, org.springframework.boot.test.autoconfigure.webservices.client.MockWebServiceServerTestExecutionListener, org.springframework.boot.test.mock.mockito.MockitoTestExecutionListener, org.springframework.boot.test.mock.mockito.ResetMocksTestExecutionListener, org.springframework.test.context.web.ServletTestExecutionListener, org.springframework.test.context.support.DirtiesContextBeforeModesTestExecutionListener, org.springframework.test.context.event.ApplicationEventsTestExecutionListener, org.springframework.test.context.support.DependencyInjectionTestExecutionListener, org.springframework.test.context.support.DirtiesContextTestExecutionListener, org.springframework.test.context.transaction.TransactionalTestExecutionListener, org.springframework.test.context.jdbc.SqlScriptsTestExecutionListener, org.springframework.test.context.event.EventPublishingTestExecutionListener]
2022-01-12 13:00:20.549  INFO 1492 --- [    Test worker] .b.t.c.SpringBootTestContextBootstrapper : Using TestExecutionListeners: [org.springframework.test.context.web.ServletTestExecutionListener@64faf3d, org.springframework.test.context.support.DirtiesContextBeforeModesTestExecutionListener@3f523dae, org.springframework.test.context.event.ApplicationEventsTestExecutionListener@7fe40b9f, org.springframework.boot.test.mock.mockito.MockitoTestExecutionListener@1f41f259, org.springframework.boot.test.autoconfigure.SpringBootDependencyInjectionTestExecutionListener@648c80cb, org.springframework.test.context.support.DirtiesContextTestExecutionListener@4a9d6eb9, org.springframework.test.context.transaction.TransactionalTestExecutionListener@157a2c86, org.springframework.test.context.jdbc.SqlScriptsTestExecutionListener@5b9c74a, org.springframework.test.context.event.EventPublishingTestExecutionListener@5b395ee, org.springframework.boot.test.autoconfigure.restdocs.RestDocsTestExecutionListener@24facb47, org.springframework.boot.test.autoconfigure.web.client.MockRestServiceServerResetTestExecutionListener@6020cd42, org.springframework.boot.test.autoconfigure.web.servlet.MockMvcPrintOnlyOnFailureTestExecutionListener@2b68c59b, org.springframework.boot.test.autoconfigure.web.servlet.WebDriverTestExecutionListener@326d39fd, org.springframework.boot.test.autoconfigure.webservices.client.MockWebServiceServerTestExecutionListener@403f6c04, org.springframework.boot.test.mock.mockito.ResetMocksTestExecutionListener@2693e39c]
]]></system-out>
  <system-err><![CDATA[]]></system-err>
</testsuite>
