<?xml version="1.0" encoding="UTF-8"?>
<testsuite name="com.abc.vehiclerental.UserServiceTest" tests="6" skipped="0" failures="0" errors="0" timestamp="2022-01-12T07:30:20" hostname="DIN07006717" time="0.044">
  <properties/>
  <testcase name="testLogin()" classname="com.abc.vehiclerental.UserServiceTest" time="0.004"/>
  <testcase name="testGetUserByIdThrowingException()" classname="com.abc.vehiclerental.UserServiceTest" time="0.005"/>
  <testcase name="testGetUser()" classname="com.abc.vehiclerental.UserServiceTest" time="0.008"/>
  <testcase name="testLogoutThrowingException()" classname="com.abc.vehiclerental.UserServiceTest" time="0.006"/>
  <testcase name="testLogout()" classname="com.abc.vehiclerental.UserServiceTest" time="0.005"/>
  <testcase name="testLoginThrowingException()" classname="com.abc.vehiclerental.UserServiceTest" time="0.005"/>
  <system-out><![CDATA[2022-01-12 13:00:20.463  INFO 1492 --- [    Test worker] .b.t.c.SpringBootTestContextBootstrapper : Neither @ContextConfiguration nor @ContextHierarchy found for test class [com.abc.vehiclerental.UserServiceTest], using SpringBootContextLoader
2022-01-12 13:00:20.464  INFO 1492 --- [    Test worker] o.s.t.c.support.AbstractContextLoader    : Could not detect default resource locations for test class [com.abc.vehiclerental.UserServiceTest]: no resource found for suffixes {-context.xml, Context.groovy}.
2022-01-12 13:00:20.465  INFO 1492 --- [    Test worker] t.c.s.AnnotationConfigContextLoaderUtils : Could not detect default configuration classes for test class [com.abc.vehiclerental.UserServiceTest]: UserServiceTest does not declare any static, non-private, non-final, nested classes annotated with @Configuration.
2022-01-12 13:00:20.467  INFO 1492 --- [    Test worker] .b.t.c.SpringBootTestContextBootstrapper : Found @SpringBootConfiguration com.abc.vehiclerental.VehiclerentalApplication for test class com.abc.vehiclerental.UserServiceTest
2022-01-12 13:00:20.470  INFO 1492 --- [    Test worker] .b.t.c.SpringBootTestContextBootstrapper : Loaded default TestExecutionListener class names from location [META-INF/spring.factories]: [org.springframework.boot.test.autoconfigure.restdocs.RestDocsTestExecutionListener, org.springframework.boot.test.autoconfigure.web.client.MockRestServiceServerResetTestExecutionListener, org.springframework.boot.test.autoconfigure.web.servlet.MockMvcPrintOnlyOnFailureTestExecutionListener, org.springframework.boot.test.autoconfigure.web.servlet.WebDriverTestExecutionListener, org.springframework.boot.test.autoconfigure.webservices.client.MockWebServiceServerTestExecutionListener, org.springframework.boot.test.mock.mockito.MockitoTestExecutionListener, org.springframework.boot.test.mock.mockito.ResetMocksTestExecutionListener, org.springframework.test.context.web.ServletTestExecutionListener, org.springframework.test.context.support.DirtiesContextBeforeModesTestExecutionListener, org.springframework.test.context.event.ApplicationEventsTestExecutionListener, org.springframework.test.context.support.DependencyInjectionTestExecutionListener, org.springframework.test.context.support.DirtiesContextTestExecutionListener, org.springframework.test.context.transaction.TransactionalTestExecutionListener, org.springframework.test.context.jdbc.SqlScriptsTestExecutionListener, org.springframework.test.context.event.EventPublishingTestExecutionListener]
2022-01-12 13:00:20.470  INFO 1492 --- [    Test worker] .b.t.c.SpringBootTestContextBootstrapper : Using TestExecutionListeners: [org.springframework.test.context.web.ServletTestExecutionListener@159a32a4, org.springframework.test.context.support.DirtiesContextBeforeModesTestExecutionListener@4ceb368b, org.springframework.test.context.event.ApplicationEventsTestExecutionListener@1ddc5857, org.springframework.boot.test.mock.mockito.MockitoTestExecutionListener@6f0df74, org.springframework.boot.test.autoconfigure.SpringBootDependencyInjectionTestExecutionListener@42bbd21c, org.springframework.test.context.support.DirtiesContextTestExecutionListener@57f1fbae, org.springframework.test.context.transaction.TransactionalTestExecutionListener@28901fe7, org.springframework.test.context.jdbc.SqlScriptsTestExecutionListener@289b7efe, org.springframework.test.context.event.EventPublishingTestExecutionListener@34ac72c3, org.springframework.boot.test.autoconfigure.restdocs.RestDocsTestExecutionListener@6cd8c373, org.springframework.boot.test.autoconfigure.web.client.MockRestServiceServerResetTestExecutionListener@449f9628, org.springframework.boot.test.autoconfigure.web.servlet.MockMvcPrintOnlyOnFailureTestExecutionListener@37806ccb, org.springframework.boot.test.autoconfigure.web.servlet.WebDriverTestExecutionListener@606d2a92, org.springframework.boot.test.autoconfigure.webservices.client.MockWebServiceServerTestExecutionListener@4a84beb7, org.springframework.boot.test.mock.mockito.ResetMocksTestExecutionListener@72924f19]
]]></system-out>
  <system-err><![CDATA[]]></system-err>
</testsuite>
