<?xml version="1.0" encoding="UTF-8"?>
<testsuite name="com.abc.vehiclerental.UserServiceTest" tests="6" skipped="0" failures="0" errors="0" timestamp="2022-01-19T05:24:12" hostname="DIN07006717" time="0.037">
  <properties/>
  <testcase name="testLogin()" classname="com.abc.vehiclerental.UserServiceTest" time="0.003"/>
  <testcase name="testGetUserByIdThrowingException()" classname="com.abc.vehiclerental.UserServiceTest" time="0.009"/>
  <testcase name="testGetUser()" classname="com.abc.vehiclerental.UserServiceTest" time="0.004"/>
  <testcase name="testLogoutThrowingException()" classname="com.abc.vehiclerental.UserServiceTest" time="0.006"/>
  <testcase name="testLogout()" classname="com.abc.vehiclerental.UserServiceTest" time="0.005"/>
  <testcase name="testLoginThrowingException()" classname="com.abc.vehiclerental.UserServiceTest" time="0.004"/>
  <system-out><![CDATA[2022-01-19 10:54:12.411  INFO 8840 --- [    Test worker] .b.t.c.SpringBootTestContextBootstrapper : Neither @ContextConfiguration nor @ContextHierarchy found for test class [com.abc.vehiclerental.UserServiceTest], using SpringBootContextLoader
2022-01-19 10:54:12.413  INFO 8840 --- [    Test worker] o.s.t.c.support.AbstractContextLoader    : Could not detect default resource locations for test class [com.abc.vehiclerental.UserServiceTest]: no resource found for suffixes {-context.xml, Context.groovy}.
2022-01-19 10:54:12.413  INFO 8840 --- [    Test worker] t.c.s.AnnotationConfigContextLoaderUtils : Could not detect default configuration classes for test class [com.abc.vehiclerental.UserServiceTest]: UserServiceTest does not declare any static, non-private, non-final, nested classes annotated with @Configuration.
2022-01-19 10:54:12.414  INFO 8840 --- [    Test worker] .b.t.c.SpringBootTestContextBootstrapper : Found @SpringBootConfiguration com.abc.vehiclerental.VehiclerentalApplication for test class com.abc.vehiclerental.UserServiceTest
2022-01-19 10:54:12.415  INFO 8840 --- [    Test worker] .b.t.c.SpringBootTestContextBootstrapper : Loaded default TestExecutionListener class names from location [META-INF/spring.factories]: [org.springframework.boot.test.autoconfigure.restdocs.RestDocsTestExecutionListener, org.springframework.boot.test.autoconfigure.web.client.MockRestServiceServerResetTestExecutionListener, org.springframework.boot.test.autoconfigure.web.servlet.MockMvcPrintOnlyOnFailureTestExecutionListener, org.springframework.boot.test.autoconfigure.web.servlet.WebDriverTestExecutionListener, org.springframework.boot.test.autoconfigure.webservices.client.MockWebServiceServerTestExecutionListener, org.springframework.boot.test.mock.mockito.MockitoTestExecutionListener, org.springframework.boot.test.mock.mockito.ResetMocksTestExecutionListener, org.springframework.test.context.web.ServletTestExecutionListener, org.springframework.test.context.support.DirtiesContextBeforeModesTestExecutionListener, org.springframework.test.context.event.ApplicationEventsTestExecutionListener, org.springframework.test.context.support.DependencyInjectionTestExecutionListener, org.springframework.test.context.support.DirtiesContextTestExecutionListener, org.springframework.test.context.transaction.TransactionalTestExecutionListener, org.springframework.test.context.jdbc.SqlScriptsTestExecutionListener, org.springframework.test.context.event.EventPublishingTestExecutionListener]
2022-01-19 10:54:12.416  INFO 8840 --- [    Test worker] .b.t.c.SpringBootTestContextBootstrapper : Using TestExecutionListeners: [org.springframework.test.context.web.ServletTestExecutionListener@46c093b4, org.springframework.test.context.support.DirtiesContextBeforeModesTestExecutionListener@4ff00844, org.springframework.test.context.event.ApplicationEventsTestExecutionListener@20ee660b, org.springframework.boot.test.mock.mockito.MockitoTestExecutionListener@40e41f88, org.springframework.boot.test.autoconfigure.SpringBootDependencyInjectionTestExecutionListener@27b7913, org.springframework.test.context.support.DirtiesContextTestExecutionListener@4d86f330, org.springframework.test.context.transaction.TransactionalTestExecutionListener@1e8b0ab5, org.springframework.test.context.jdbc.SqlScriptsTestExecutionListener@7ef34eb3, org.springframework.test.context.event.EventPublishingTestExecutionListener@2719139f, org.springframework.boot.test.autoconfigure.restdocs.RestDocsTestExecutionListener@5dfc7b3f, org.springframework.boot.test.autoconfigure.web.client.MockRestServiceServerResetTestExecutionListener@1b641c97, org.springframework.boot.test.autoconfigure.web.servlet.MockMvcPrintOnlyOnFailureTestExecutionListener@7f065f9e, org.springframework.boot.test.autoconfigure.web.servlet.WebDriverTestExecutionListener@106c3e0a, org.springframework.boot.test.autoconfigure.webservices.client.MockWebServiceServerTestExecutionListener@2e778abb, org.springframework.boot.test.mock.mockito.ResetMocksTestExecutionListener@154cbb46]
]]></system-out>
  <system-err><![CDATA[]]></system-err>
</testsuite>
