<?xml version="1.0" encoding="UTF-8"?>
<testsuite name="com.abc.vehiclerental.ContactUsServiceTest" tests="6" skipped="0" failures="0" errors="0" timestamp="2022-01-19T05:24:12" hostname="DIN07006717" time="0.042">
  <properties/>
  <testcase name="testDeleteContact()" classname="com.abc.vehiclerental.ContactUsServiceTest" time="0.008"/>
  <testcase name="testUpdateContactByIdThrowingException()" classname="com.abc.vehiclerental.ContactUsServiceTest" time="0.004"/>
  <testcase name="testDeleteContactByIdThrowingException()" classname="com.abc.vehiclerental.ContactUsServiceTest" time="0.007"/>
  <testcase name="testUpdateContact()" classname="com.abc.vehiclerental.ContactUsServiceTest" time="0.005"/>
  <testcase name="testGetAllContacts()" classname="com.abc.vehiclerental.ContactUsServiceTest" time="0.005"/>
  <testcase name="testAddContact()" classname="com.abc.vehiclerental.ContactUsServiceTest" time="0.005"/>
  <system-out><![CDATA[2022-01-19 10:54:12.273  INFO 8840 --- [    Test worker] .b.t.c.SpringBootTestContextBootstrapper : Neither @ContextConfiguration nor @ContextHierarchy found for test class [com.abc.vehiclerental.ContactUsServiceTest], using SpringBootContextLoader
2022-01-19 10:54:12.275  INFO 8840 --- [    Test worker] o.s.t.c.support.AbstractContextLoader    : Could not detect default resource locations for test class [com.abc.vehiclerental.ContactUsServiceTest]: no resource found for suffixes {-context.xml, Context.groovy}.
2022-01-19 10:54:12.276  INFO 8840 --- [    Test worker] t.c.s.AnnotationConfigContextLoaderUtils : Could not detect default configuration classes for test class [com.abc.vehiclerental.ContactUsServiceTest]: ContactUsServiceTest does not declare any static, non-private, non-final, nested classes annotated with @Configuration.
2022-01-19 10:54:12.277  INFO 8840 --- [    Test worker] .b.t.c.SpringBootTestContextBootstrapper : Found @SpringBootConfiguration com.abc.vehiclerental.VehiclerentalApplication for test class com.abc.vehiclerental.ContactUsServiceTest
2022-01-19 10:54:12.279  INFO 8840 --- [    Test worker] .b.t.c.SpringBootTestContextBootstrapper : Loaded default TestExecutionListener class names from location [META-INF/spring.factories]: [org.springframework.boot.test.autoconfigure.restdocs.RestDocsTestExecutionListener, org.springframework.boot.test.autoconfigure.web.client.MockRestServiceServerResetTestExecutionListener, org.springframework.boot.test.autoconfigure.web.servlet.MockMvcPrintOnlyOnFailureTestExecutionListener, org.springframework.boot.test.autoconfigure.web.servlet.WebDriverTestExecutionListener, org.springframework.boot.test.autoconfigure.webservices.client.MockWebServiceServerTestExecutionListener, org.springframework.boot.test.mock.mockito.MockitoTestExecutionListener, org.springframework.boot.test.mock.mockito.ResetMocksTestExecutionListener, org.springframework.test.context.web.ServletTestExecutionListener, org.springframework.test.context.support.DirtiesContextBeforeModesTestExecutionListener, org.springframework.test.context.event.ApplicationEventsTestExecutionListener, org.springframework.test.context.support.DependencyInjectionTestExecutionListener, org.springframework.test.context.support.DirtiesContextTestExecutionListener, org.springframework.test.context.transaction.TransactionalTestExecutionListener, org.springframework.test.context.jdbc.SqlScriptsTestExecutionListener, org.springframework.test.context.event.EventPublishingTestExecutionListener]
2022-01-19 10:54:12.279  INFO 8840 --- [    Test worker] .b.t.c.SpringBootTestContextBootstrapper : Using TestExecutionListeners: [org.springframework.test.context.web.ServletTestExecutionListener@1b4ade78, org.springframework.test.context.support.DirtiesContextBeforeModesTestExecutionListener@45fa7fb7, org.springframework.test.context.event.ApplicationEventsTestExecutionListener@32eeef08, org.springframework.boot.test.mock.mockito.MockitoTestExecutionListener@bbf361a, org.springframework.boot.test.autoconfigure.SpringBootDependencyInjectionTestExecutionListener@46cb800b, org.springframework.test.context.support.DirtiesContextTestExecutionListener@505a48a2, org.springframework.test.context.transaction.TransactionalTestExecutionListener@15096b0e, org.springframework.test.context.jdbc.SqlScriptsTestExecutionListener@67748053, org.springframework.test.context.event.EventPublishingTestExecutionListener@7da59f6e, org.springframework.boot.test.autoconfigure.restdocs.RestDocsTestExecutionListener@7fb8d720, org.springframework.boot.test.autoconfigure.web.client.MockRestServiceServerResetTestExecutionListener@21b792c2, org.springframework.boot.test.autoconfigure.web.servlet.MockMvcPrintOnlyOnFailureTestExecutionListener@6202f8bf, org.springframework.boot.test.autoconfigure.web.servlet.WebDriverTestExecutionListener@330d557e, org.springframework.boot.test.autoconfigure.webservices.client.MockWebServiceServerTestExecutionListener@ab595e8, org.springframework.boot.test.mock.mockito.ResetMocksTestExecutionListener@170937fe]
]]></system-out>
  <system-err><![CDATA[]]></system-err>
</testsuite>
