<?xml version="1.0" encoding="UTF-8"?>
<testsuite name="com.abc.vehiclerental.UserServiceTest" tests="6" skipped="0" failures="0" errors="0" timestamp="2022-02-15T03:58:16" hostname="LIN80032146" time="0.024">
  <properties/>
  <testcase name="testLogin()" classname="com.abc.vehiclerental.UserServiceTest" time="0.003"/>
  <testcase name="testGetUserByIdThrowingException()" classname="com.abc.vehiclerental.UserServiceTest" time="0.004"/>
  <testcase name="testGetUser()" classname="com.abc.vehiclerental.UserServiceTest" time="0.003"/>
  <testcase name="testLogoutThrowingException()" classname="com.abc.vehiclerental.UserServiceTest" time="0.003"/>
  <testcase name="testLogout()" classname="com.abc.vehiclerental.UserServiceTest" time="0.003"/>
  <testcase name="testLoginThrowingException()" classname="com.abc.vehiclerental.UserServiceTest" time="0.003"/>
  <system-out><![CDATA[2022-02-15 09:28:16.728  INFO 1088 --- [    Test worker] .b.t.c.SpringBootTestContextBootstrapper : Neither @ContextConfiguration nor @ContextHierarchy found for test class [com.abc.vehiclerental.UserServiceTest], using SpringBootContextLoader
2022-02-15 09:28:16.730  INFO 1088 --- [    Test worker] o.s.t.c.support.AbstractContextLoader    : Could not detect default resource locations for test class [com.abc.vehiclerental.UserServiceTest]: no resource found for suffixes {-context.xml, Context.groovy}.
2022-02-15 09:28:16.730  INFO 1088 --- [    Test worker] t.c.s.AnnotationConfigContextLoaderUtils : Could not detect default configuration classes for test class [com.abc.vehiclerental.UserServiceTest]: UserServiceTest does not declare any static, non-private, non-final, nested classes annotated with @Configuration.
2022-02-15 09:28:16.731  INFO 1088 --- [    Test worker] .b.t.c.SpringBootTestContextBootstrapper : Found @SpringBootConfiguration com.abc.vehiclerental.VehiclerentalApplication for test class com.abc.vehiclerental.UserServiceTest
2022-02-15 09:28:16.733  INFO 1088 --- [    Test worker] .b.t.c.SpringBootTestContextBootstrapper : Loaded default TestExecutionListener class names from location [META-INF/spring.factories]: [org.springframework.boot.test.autoconfigure.restdocs.RestDocsTestExecutionListener, org.springframework.boot.test.autoconfigure.web.client.MockRestServiceServerResetTestExecutionListener, org.springframework.boot.test.autoconfigure.web.servlet.MockMvcPrintOnlyOnFailureTestExecutionListener, org.springframework.boot.test.autoconfigure.web.servlet.WebDriverTestExecutionListener, org.springframework.boot.test.autoconfigure.webservices.client.MockWebServiceServerTestExecutionListener, org.springframework.boot.test.mock.mockito.MockitoTestExecutionListener, org.springframework.boot.test.mock.mockito.ResetMocksTestExecutionListener, org.springframework.test.context.web.ServletTestExecutionListener, org.springframework.test.context.support.DirtiesContextBeforeModesTestExecutionListener, org.springframework.test.context.event.ApplicationEventsTestExecutionListener, org.springframework.test.context.support.DependencyInjectionTestExecutionListener, org.springframework.test.context.support.DirtiesContextTestExecutionListener, org.springframework.test.context.transaction.TransactionalTestExecutionListener, org.springframework.test.context.jdbc.SqlScriptsTestExecutionListener, org.springframework.test.context.event.EventPublishingTestExecutionListener]
2022-02-15 09:28:16.733  INFO 1088 --- [    Test worker] .b.t.c.SpringBootTestContextBootstrapper : Using TestExecutionListeners: [org.springframework.test.context.web.ServletTestExecutionListener@569d6e0d, org.springframework.test.context.support.DirtiesContextBeforeModesTestExecutionListener@43069adf, org.springframework.test.context.event.ApplicationEventsTestExecutionListener@18edbed9, org.springframework.boot.test.mock.mockito.MockitoTestExecutionListener@4823f4d0, org.springframework.boot.test.autoconfigure.SpringBootDependencyInjectionTestExecutionListener@75f316df, org.springframework.test.context.support.DirtiesContextTestExecutionListener@2d4aadc, org.springframework.test.context.transaction.TransactionalTestExecutionListener@773ad729, org.springframework.test.context.jdbc.SqlScriptsTestExecutionListener@20e8286a, org.springframework.test.context.event.EventPublishingTestExecutionListener@4d408746, org.springframework.boot.test.autoconfigure.restdocs.RestDocsTestExecutionListener@6ae55678, org.springframework.boot.test.autoconfigure.web.client.MockRestServiceServerResetTestExecutionListener@4bc75792, org.springframework.boot.test.autoconfigure.web.servlet.MockMvcPrintOnlyOnFailureTestExecutionListener@2a0d8df8, org.springframework.boot.test.autoconfigure.web.servlet.WebDriverTestExecutionListener@63be4548, org.springframework.boot.test.autoconfigure.webservices.client.MockWebServiceServerTestExecutionListener@232899d1, org.springframework.boot.test.mock.mockito.ResetMocksTestExecutionListener@522221e1]
]]></system-out>
  <system-err><![CDATA[]]></system-err>
</testsuite>
