<?xml version="1.0" encoding="UTF-8"?>
<testsuite name="com.abc.vehiclerental.ContactUsServiceTest" tests="6" skipped="0" failures="0" errors="0" timestamp="2022-01-19T08:02:02" hostname="DIN07006717" time="0.035">
  <properties/>
  <testcase name="testDeleteContact()" classname="com.abc.vehiclerental.ContactUsServiceTest" time="0.004"/>
  <testcase name="testUpdateContactByIdThrowingException()" classname="com.abc.vehiclerental.ContactUsServiceTest" time="0.005"/>
  <testcase name="testDeleteContactByIdThrowingException()" classname="com.abc.vehiclerental.ContactUsServiceTest" time="0.006"/>
  <testcase name="testUpdateContact()" classname="com.abc.vehiclerental.ContactUsServiceTest" time="0.004"/>
  <testcase name="testGetAllContacts()" classname="com.abc.vehiclerental.ContactUsServiceTest" time="0.004"/>
  <testcase name="testAddContact()" classname="com.abc.vehiclerental.ContactUsServiceTest" time="0.003"/>
  <system-out><![CDATA[2022-01-19 13:32:02.120  INFO 11536 --- [    Test worker] .b.t.c.SpringBootTestContextBootstrapper : Neither @ContextConfiguration nor @ContextHierarchy found for test class [com.abc.vehiclerental.ContactUsServiceTest], using SpringBootContextLoader
2022-01-19 13:32:02.121  INFO 11536 --- [    Test worker] o.s.t.c.support.AbstractContextLoader    : Could not detect default resource locations for test class [com.abc.vehiclerental.ContactUsServiceTest]: no resource found for suffixes {-context.xml, Context.groovy}.
2022-01-19 13:32:02.121  INFO 11536 --- [    Test worker] t.c.s.AnnotationConfigContextLoaderUtils : Could not detect default configuration classes for test class [com.abc.vehiclerental.ContactUsServiceTest]: ContactUsServiceTest does not declare any static, non-private, non-final, nested classes annotated with @Configuration.
2022-01-19 13:32:02.122  INFO 11536 --- [    Test worker] .b.t.c.SpringBootTestContextBootstrapper : Found @SpringBootConfiguration com.abc.vehiclerental.VehiclerentalApplication for test class com.abc.vehiclerental.ContactUsServiceTest
2022-01-19 13:32:02.124  INFO 11536 --- [    Test worker] .b.t.c.SpringBootTestContextBootstrapper : Loaded default TestExecutionListener class names from location [META-INF/spring.factories]: [org.springframework.boot.test.autoconfigure.restdocs.RestDocsTestExecutionListener, org.springframework.boot.test.autoconfigure.web.client.MockRestServiceServerResetTestExecutionListener, org.springframework.boot.test.autoconfigure.web.servlet.MockMvcPrintOnlyOnFailureTestExecutionListener, org.springframework.boot.test.autoconfigure.web.servlet.WebDriverTestExecutionListener, org.springframework.boot.test.autoconfigure.webservices.client.MockWebServiceServerTestExecutionListener, org.springframework.boot.test.mock.mockito.MockitoTestExecutionListener, org.springframework.boot.test.mock.mockito.ResetMocksTestExecutionListener, org.springframework.test.context.web.ServletTestExecutionListener, org.springframework.test.context.support.DirtiesContextBeforeModesTestExecutionListener, org.springframework.test.context.event.ApplicationEventsTestExecutionListener, org.springframework.test.context.support.DependencyInjectionTestExecutionListener, org.springframework.test.context.support.DirtiesContextTestExecutionListener, org.springframework.test.context.transaction.TransactionalTestExecutionListener, org.springframework.test.context.jdbc.SqlScriptsTestExecutionListener, org.springframework.test.context.event.EventPublishingTestExecutionListener]
2022-01-19 13:32:02.125  INFO 11536 --- [    Test worker] .b.t.c.SpringBootTestContextBootstrapper : Using TestExecutionListeners: [org.springframework.test.context.web.ServletTestExecutionListener@505a48a2, org.springframework.test.context.support.DirtiesContextBeforeModesTestExecutionListener@15096b0e, org.springframework.test.context.event.ApplicationEventsTestExecutionListener@67748053, org.springframework.boot.test.mock.mockito.MockitoTestExecutionListener@7da59f6e, org.springframework.boot.test.autoconfigure.SpringBootDependencyInjectionTestExecutionListener@7fb8d720, org.springframework.test.context.support.DirtiesContextTestExecutionListener@21b792c2, org.springframework.test.context.transaction.TransactionalTestExecutionListener@6202f8bf, org.springframework.test.context.jdbc.SqlScriptsTestExecutionListener@330d557e, org.springframework.test.context.event.EventPublishingTestExecutionListener@ab595e8, org.springframework.boot.test.autoconfigure.restdocs.RestDocsTestExecutionListener@170937fe, org.springframework.boot.test.autoconfigure.web.client.MockRestServiceServerResetTestExecutionListener@623be2a0, org.springframework.boot.test.autoconfigure.web.servlet.MockMvcPrintOnlyOnFailureTestExecutionListener@3b44ed3c, org.springframework.boot.test.autoconfigure.web.servlet.WebDriverTestExecutionListener@1df83569, org.springframework.boot.test.autoconfigure.webservices.client.MockWebServiceServerTestExecutionListener@439047ef, org.springframework.boot.test.mock.mockito.ResetMocksTestExecutionListener@7e0393df]
]]></system-out>
  <system-err><![CDATA[]]></system-err>
</testsuite>
